{"C:\\Users\\Vitória\\OneDrive\\Documentos\\Estagio\\Other\\api-fastify-main\\src\\errors\\AppError.ts": {"path":"C:\\Users\\Vitória\\OneDrive\\Documentos\\Estagio\\Other\\api-fastify-main\\src\\errors\\AppError.ts","all":false,"statementMap":{"0":{"start":{"line":1,"column":0},"end":{"line":1,"column":23}},"1":{"start":{"line":2,"column":0},"end":{"line":2,"column":116}},"2":{"start":{"line":3,"column":0},"end":{"line":3,"column":31}},"3":{"start":{"line":4,"column":0},"end":{"line":4,"column":34}},"4":{"start":{"line":5,"column":0},"end":{"line":5,"column":5}},"5":{"start":{"line":6,"column":0},"end":{"line":6,"column":1}}},"s":{"0":1,"1":1,"2":5,"3":5,"4":5,"5":1},"branchMap":{"0":{"type":"branch","line":2,"loc":{"start":{"line":2,"column":4},"end":{"line":5,"column":5}},"locations":[{"start":{"line":2,"column":4},"end":{"line":5,"column":5}}]}},"b":{"0":[5]},"fnMap":{"0":{"name":"AppError","decl":{"start":{"line":2,"column":4},"end":{"line":5,"column":5}},"loc":{"start":{"line":2,"column":4},"end":{"line":5,"column":5}},"line":2}},"f":{"0":5}}
,"C:\\Users\\Vitória\\OneDrive\\Documentos\\Estagio\\Other\\api-fastify-main\\src\\repositories\\in-memory\\in-memory-course-repository.ts": {"path":"C:\\Users\\Vitória\\OneDrive\\Documentos\\Estagio\\Other\\api-fastify-main\\src\\repositories\\in-memory\\in-memory-course-repository.ts","all":false,"statementMap":{"0":{"start":{"line":1,"column":0},"end":{"line":1,"column":49}},"1":{"start":{"line":2,"column":0},"end":{"line":2,"column":56}},"2":{"start":{"line":3,"column":0},"end":{"line":3,"column":0}},"3":{"start":{"line":4,"column":0},"end":{"line":4,"column":67}},"4":{"start":{"line":5,"column":0},"end":{"line":5,"column":31}},"5":{"start":{"line":6,"column":0},"end":{"line":6,"column":36}},"6":{"start":{"line":7,"column":0},"end":{"line":7,"column":121}},"7":{"start":{"line":8,"column":0},"end":{"line":8,"column":121}},"8":{"start":{"line":9,"column":0},"end":{"line":9,"column":5}},"9":{"start":{"line":10,"column":0},"end":{"line":10,"column":0}},"10":{"start":{"line":11,"column":0},"end":{"line":11,"column":0}},"11":{"start":{"line":12,"column":0},"end":{"line":12,"column":67}},"12":{"start":{"line":13,"column":0},"end":{"line":13,"column":24}},"13":{"start":{"line":14,"column":0},"end":{"line":14,"column":27}},"14":{"start":{"line":15,"column":0},"end":{"line":15,"column":28}},"15":{"start":{"line":16,"column":0},"end":{"line":16,"column":42}},"16":{"start":{"line":17,"column":0},"end":{"line":17,"column":22}},"17":{"start":{"line":18,"column":0},"end":{"line":18,"column":30}},"18":{"start":{"line":19,"column":0},"end":{"line":19,"column":30}},"19":{"start":{"line":20,"column":0},"end":{"line":20,"column":21}},"20":{"start":{"line":21,"column":0},"end":{"line":21,"column":9}},"21":{"start":{"line":22,"column":0},"end":{"line":22,"column":0}},"22":{"start":{"line":23,"column":0},"end":{"line":23,"column":31}},"23":{"start":{"line":24,"column":0},"end":{"line":24,"column":0}},"24":{"start":{"line":25,"column":0},"end":{"line":25,"column":21}},"25":{"start":{"line":26,"column":0},"end":{"line":26,"column":5}},"26":{"start":{"line":27,"column":0},"end":{"line":27,"column":0}},"27":{"start":{"line":28,"column":0},"end":{"line":28,"column":61}},"28":{"start":{"line":29,"column":0},"end":{"line":29,"column":66}},"29":{"start":{"line":30,"column":0},"end":{"line":30,"column":0}},"30":{"start":{"line":31,"column":0},"end":{"line":31,"column":22}},"31":{"start":{"line":32,"column":0},"end":{"line":32,"column":23}},"32":{"start":{"line":33,"column":0},"end":{"line":33,"column":9}},"33":{"start":{"line":34,"column":0},"end":{"line":34,"column":0}},"34":{"start":{"line":35,"column":0},"end":{"line":35,"column":21}},"35":{"start":{"line":36,"column":0},"end":{"line":36,"column":5}},"36":{"start":{"line":37,"column":0},"end":{"line":37,"column":0}},"37":{"start":{"line":38,"column":0},"end":{"line":38,"column":53}},"38":{"start":{"line":39,"column":0},"end":{"line":39,"column":39}},"39":{"start":{"line":40,"column":0},"end":{"line":40,"column":0}},"40":{"start":{"line":41,"column":0},"end":{"line":41,"column":21}},"41":{"start":{"line":42,"column":0},"end":{"line":42,"column":5}},"42":{"start":{"line":43,"column":0},"end":{"line":43,"column":0}},"43":{"start":{"line":44,"column":0},"end":{"line":44,"column":123}},"44":{"start":{"line":45,"column":0},"end":{"line":45,"column":68}},"45":{"start":{"line":46,"column":0},"end":{"line":46,"column":78}},"46":{"start":{"line":47,"column":0},"end":{"line":47,"column":0}},"47":{"start":{"line":48,"column":0},"end":{"line":48,"column":20}},"48":{"start":{"line":49,"column":0},"end":{"line":49,"column":23}},"49":{"start":{"line":50,"column":0},"end":{"line":50,"column":9}},"50":{"start":{"line":51,"column":0},"end":{"line":51,"column":0}},"51":{"start":{"line":52,"column":0},"end":{"line":52,"column":27}},"52":{"start":{"line":53,"column":0},"end":{"line":53,"column":22}},"53":{"start":{"line":54,"column":0},"end":{"line":54,"column":17}},"54":{"start":{"line":55,"column":0},"end":{"line":55,"column":24}},"55":{"start":{"line":56,"column":0},"end":{"line":56,"column":18}},"56":{"start":{"line":57,"column":0},"end":{"line":57,"column":17}},"57":{"start":{"line":58,"column":0},"end":{"line":58,"column":9}},"58":{"start":{"line":59,"column":0},"end":{"line":59,"column":0}},"59":{"start":{"line":60,"column":0},"end":{"line":60,"column":63}},"60":{"start":{"line":61,"column":0},"end":{"line":61,"column":0}},"61":{"start":{"line":62,"column":0},"end":{"line":62,"column":26}},"62":{"start":{"line":63,"column":0},"end":{"line":63,"column":5}},"63":{"start":{"line":64,"column":0},"end":{"line":64,"column":1}}},"s":{"0":1,"1":1,"2":1,"3":1,"4":5,"5":5,"6":5,"7":5,"8":5,"9":1,"10":1,"11":1,"12":3,"13":3,"14":3,"15":3,"16":3,"17":3,"18":3,"19":3,"20":3,"21":3,"22":3,"23":3,"24":3,"25":3,"26":1,"27":1,"28":3,"29":3,"30":3,"31":1,"32":1,"33":2,"34":2,"35":3,"36":1,"37":1,"38":1,"39":1,"40":1,"41":1,"42":1,"43":1,"44":1,"45":1,"46":1,"47":1,"48":0,"49":0,"50":1,"51":1,"52":1,"53":1,"54":1,"55":1,"56":1,"57":1,"58":1,"59":1,"60":1,"61":1,"62":1,"63":1},"branchMap":{"0":{"type":"branch","line":4,"loc":{"start":{"line":4,"column":7},"end":{"line":9,"column":5}},"locations":[{"start":{"line":4,"column":7},"end":{"line":9,"column":5}}]},"1":{"type":"branch","line":12,"loc":{"start":{"line":12,"column":4},"end":{"line":26,"column":5}},"locations":[{"start":{"line":12,"column":4},"end":{"line":26,"column":5}}]},"2":{"type":"branch","line":28,"loc":{"start":{"line":28,"column":4},"end":{"line":36,"column":5}},"locations":[{"start":{"line":28,"column":4},"end":{"line":36,"column":5}}]},"3":{"type":"branch","line":31,"loc":{"start":{"line":31,"column":21},"end":{"line":33,"column":9}},"locations":[{"start":{"line":31,"column":21},"end":{"line":33,"column":9}}]},"4":{"type":"branch","line":33,"loc":{"start":{"line":33,"column":8},"end":{"line":35,"column":21}},"locations":[{"start":{"line":33,"column":8},"end":{"line":35,"column":21}}]},"5":{"type":"branch","line":29,"loc":{"start":{"line":29,"column":39},"end":{"line":29,"column":65}},"locations":[{"start":{"line":29,"column":39},"end":{"line":29,"column":65}}]},"6":{"type":"branch","line":38,"loc":{"start":{"line":38,"column":4},"end":{"line":42,"column":5}},"locations":[{"start":{"line":38,"column":4},"end":{"line":42,"column":5}}]},"7":{"type":"branch","line":44,"loc":{"start":{"line":44,"column":4},"end":{"line":63,"column":5}},"locations":[{"start":{"line":44,"column":4},"end":{"line":63,"column":5}}]},"8":{"type":"branch","line":48,"loc":{"start":{"line":48,"column":19},"end":{"line":50,"column":9}},"locations":[{"start":{"line":48,"column":19},"end":{"line":50,"column":9}}]},"9":{"type":"branch","line":45,"loc":{"start":{"line":45,"column":39},"end":{"line":45,"column":67}},"locations":[{"start":{"line":45,"column":39},"end":{"line":45,"column":67}}]},"10":{"type":"branch","line":46,"loc":{"start":{"line":46,"column":49},"end":{"line":46,"column":77}},"locations":[{"start":{"line":46,"column":49},"end":{"line":46,"column":77}}]}},"b":{"0":[5],"1":[3],"2":[3],"3":[1],"4":[2],"5":[2],"6":[1],"7":[1],"8":[0],"9":[1],"10":[1]},"fnMap":{"0":{"name":"InMemoryCourseRepository","decl":{"start":{"line":4,"column":7},"end":{"line":9,"column":5}},"loc":{"start":{"line":4,"column":7},"end":{"line":9,"column":5}},"line":4},"1":{"name":"create","decl":{"start":{"line":12,"column":4},"end":{"line":26,"column":5}},"loc":{"start":{"line":12,"column":4},"end":{"line":26,"column":5}},"line":12},"2":{"name":"getCourseById","decl":{"start":{"line":28,"column":4},"end":{"line":36,"column":5}},"loc":{"start":{"line":28,"column":4},"end":{"line":36,"column":5}},"line":28},"3":{"name":"getAllCourses","decl":{"start":{"line":38,"column":4},"end":{"line":42,"column":5}},"loc":{"start":{"line":38,"column":4},"end":{"line":42,"column":5}},"line":38},"4":{"name":"editCourse","decl":{"start":{"line":44,"column":4},"end":{"line":63,"column":5}},"loc":{"start":{"line":44,"column":4},"end":{"line":63,"column":5}},"line":44}},"f":{"0":5,"1":3,"2":3,"3":1,"4":1}}
,"C:\\Users\\Vitória\\OneDrive\\Documentos\\Estagio\\Other\\api-fastify-main\\src\\repositories\\in-memory\\in-memory-staff-repository.ts": {"path":"C:\\Users\\Vitória\\OneDrive\\Documentos\\Estagio\\Other\\api-fastify-main\\src\\repositories\\in-memory\\in-memory-staff-repository.ts","all":false,"statementMap":{"0":{"start":{"line":1,"column":0},"end":{"line":1,"column":46}},"1":{"start":{"line":2,"column":0},"end":{"line":2,"column":53}},"2":{"start":{"line":3,"column":0},"end":{"line":3,"column":0}},"3":{"start":{"line":4,"column":0},"end":{"line":4,"column":65}},"4":{"start":{"line":5,"column":0},"end":{"line":5,"column":30}},"5":{"start":{"line":6,"column":0},"end":{"line":6,"column":34}},"6":{"start":{"line":7,"column":0},"end":{"line":7,"column":122}},"7":{"start":{"line":8,"column":0},"end":{"line":8,"column":123}},"8":{"start":{"line":9,"column":0},"end":{"line":9,"column":5}},"9":{"start":{"line":10,"column":0},"end":{"line":10,"column":0}},"10":{"start":{"line":11,"column":0},"end":{"line":11,"column":65}},"11":{"start":{"line":12,"column":0},"end":{"line":12,"column":23}},"12":{"start":{"line":13,"column":0},"end":{"line":13,"column":26}},"13":{"start":{"line":14,"column":0},"end":{"line":14,"column":26}},"14":{"start":{"line":15,"column":0},"end":{"line":15,"column":30}},"15":{"start":{"line":16,"column":0},"end":{"line":16,"column":36}},"16":{"start":{"line":17,"column":0},"end":{"line":17,"column":36}},"17":{"start":{"line":18,"column":0},"end":{"line":18,"column":21}},"18":{"start":{"line":19,"column":0},"end":{"line":19,"column":9}},"19":{"start":{"line":20,"column":0},"end":{"line":20,"column":0}},"20":{"start":{"line":21,"column":0},"end":{"line":21,"column":30}},"21":{"start":{"line":22,"column":0},"end":{"line":22,"column":0}},"22":{"start":{"line":23,"column":0},"end":{"line":23,"column":20}},"23":{"start":{"line":24,"column":0},"end":{"line":24,"column":5}},"24":{"start":{"line":25,"column":0},"end":{"line":25,"column":0}},"25":{"start":{"line":26,"column":0},"end":{"line":26,"column":61}},"26":{"start":{"line":27,"column":0},"end":{"line":27,"column":63}},"27":{"start":{"line":28,"column":0},"end":{"line":28,"column":0}},"28":{"start":{"line":29,"column":0},"end":{"line":29,"column":21}},"29":{"start":{"line":30,"column":0},"end":{"line":30,"column":23}},"30":{"start":{"line":31,"column":0},"end":{"line":31,"column":9}},"31":{"start":{"line":32,"column":0},"end":{"line":32,"column":0}},"32":{"start":{"line":33,"column":0},"end":{"line":33,"column":20}},"33":{"start":{"line":34,"column":0},"end":{"line":34,"column":5}},"34":{"start":{"line":35,"column":0},"end":{"line":35,"column":0}},"35":{"start":{"line":36,"column":0},"end":{"line":36,"column":65}},"36":{"start":{"line":37,"column":0},"end":{"line":37,"column":67}},"37":{"start":{"line":38,"column":0},"end":{"line":38,"column":0}},"38":{"start":{"line":39,"column":0},"end":{"line":39,"column":21}},"39":{"start":{"line":40,"column":0},"end":{"line":40,"column":23}},"40":{"start":{"line":41,"column":0},"end":{"line":41,"column":9}},"41":{"start":{"line":42,"column":0},"end":{"line":42,"column":0}},"42":{"start":{"line":43,"column":0},"end":{"line":43,"column":20}},"43":{"start":{"line":44,"column":0},"end":{"line":44,"column":5}},"44":{"start":{"line":45,"column":0},"end":{"line":45,"column":0}},"45":{"start":{"line":46,"column":0},"end":{"line":46,"column":71}},"46":{"start":{"line":47,"column":0},"end":{"line":47,"column":71}},"47":{"start":{"line":48,"column":0},"end":{"line":48,"column":0}},"48":{"start":{"line":49,"column":0},"end":{"line":49,"column":21}},"49":{"start":{"line":50,"column":0},"end":{"line":50,"column":23}},"50":{"start":{"line":51,"column":0},"end":{"line":51,"column":9}},"51":{"start":{"line":52,"column":0},"end":{"line":52,"column":0}},"52":{"start":{"line":53,"column":0},"end":{"line":53,"column":20}},"53":{"start":{"line":54,"column":0},"end":{"line":54,"column":5}},"54":{"start":{"line":55,"column":0},"end":{"line":55,"column":0}},"55":{"start":{"line":56,"column":0},"end":{"line":56,"column":59}},"56":{"start":{"line":57,"column":0},"end":{"line":57,"column":63}},"57":{"start":{"line":58,"column":0},"end":{"line":58,"column":0}},"58":{"start":{"line":59,"column":0},"end":{"line":59,"column":21}},"59":{"start":{"line":60,"column":0},"end":{"line":60,"column":23}},"60":{"start":{"line":61,"column":0},"end":{"line":61,"column":9}},"61":{"start":{"line":62,"column":0},"end":{"line":62,"column":0}},"62":{"start":{"line":63,"column":0},"end":{"line":63,"column":20}},"63":{"start":{"line":64,"column":0},"end":{"line":64,"column":5}},"64":{"start":{"line":65,"column":0},"end":{"line":65,"column":0}},"65":{"start":{"line":66,"column":0},"end":{"line":66,"column":51}},"66":{"start":{"line":67,"column":0},"end":{"line":67,"column":37}},"67":{"start":{"line":68,"column":0},"end":{"line":68,"column":0}},"68":{"start":{"line":69,"column":0},"end":{"line":69,"column":20}},"69":{"start":{"line":70,"column":0},"end":{"line":70,"column":5}},"70":{"start":{"line":71,"column":0},"end":{"line":71,"column":0}},"71":{"start":{"line":72,"column":0},"end":{"line":72,"column":89}},"72":{"start":{"line":73,"column":0},"end":{"line":73,"column":65}},"73":{"start":{"line":74,"column":0},"end":{"line":74,"column":75}},"74":{"start":{"line":75,"column":0},"end":{"line":75,"column":0}},"75":{"start":{"line":76,"column":0},"end":{"line":76,"column":19}},"76":{"start":{"line":77,"column":0},"end":{"line":77,"column":23}},"77":{"start":{"line":78,"column":0},"end":{"line":78,"column":9}},"78":{"start":{"line":79,"column":0},"end":{"line":79,"column":0}},"79":{"start":{"line":80,"column":0},"end":{"line":80,"column":26}},"80":{"start":{"line":81,"column":0},"end":{"line":81,"column":21}},"81":{"start":{"line":82,"column":0},"end":{"line":82,"column":18}},"82":{"start":{"line":83,"column":0},"end":{"line":83,"column":20}},"83":{"start":{"line":84,"column":0},"end":{"line":84,"column":9}},"84":{"start":{"line":85,"column":0},"end":{"line":85,"column":0}},"85":{"start":{"line":86,"column":0},"end":{"line":86,"column":60}},"86":{"start":{"line":87,"column":0},"end":{"line":87,"column":0}},"87":{"start":{"line":88,"column":0},"end":{"line":88,"column":25}},"88":{"start":{"line":89,"column":0},"end":{"line":89,"column":5}},"89":{"start":{"line":90,"column":0},"end":{"line":90,"column":1}}},"s":{"0":1,"1":1,"2":1,"3":1,"4":9,"5":9,"6":9,"7":9,"8":9,"9":1,"10":1,"11":7,"12":7,"13":7,"14":7,"15":7,"16":7,"17":7,"18":7,"19":7,"20":7,"21":7,"22":7,"23":7,"24":1,"25":1,"26":10,"27":10,"28":10,"29":9,"30":9,"31":1,"32":1,"33":10,"34":1,"35":1,"36":11,"37":11,"38":11,"39":10,"40":10,"41":1,"42":1,"43":11,"44":1,"45":1,"46":10,"47":10,"48":10,"49":7,"50":7,"51":3,"52":3,"53":10,"54":1,"55":1,"56":3,"57":3,"58":3,"59":1,"60":1,"61":2,"62":2,"63":3,"64":1,"65":1,"66":1,"67":1,"68":1,"69":1,"70":1,"71":1,"72":1,"73":1,"74":1,"75":1,"76":0,"77":0,"78":1,"79":1,"80":1,"81":1,"82":1,"83":1,"84":1,"85":1,"86":1,"87":1,"88":1,"89":1},"branchMap":{"0":{"type":"branch","line":4,"loc":{"start":{"line":4,"column":7},"end":{"line":9,"column":5}},"locations":[{"start":{"line":4,"column":7},"end":{"line":9,"column":5}}]},"1":{"type":"branch","line":11,"loc":{"start":{"line":11,"column":4},"end":{"line":24,"column":5}},"locations":[{"start":{"line":11,"column":4},"end":{"line":24,"column":5}}]},"2":{"type":"branch","line":26,"loc":{"start":{"line":26,"column":4},"end":{"line":34,"column":5}},"locations":[{"start":{"line":26,"column":4},"end":{"line":34,"column":5}}]},"3":{"type":"branch","line":29,"loc":{"start":{"line":29,"column":20},"end":{"line":31,"column":9}},"locations":[{"start":{"line":29,"column":20},"end":{"line":31,"column":9}}]},"4":{"type":"branch","line":31,"loc":{"start":{"line":31,"column":8},"end":{"line":33,"column":20}},"locations":[{"start":{"line":31,"column":8},"end":{"line":33,"column":20}}]},"5":{"type":"branch","line":27,"loc":{"start":{"line":27,"column":38},"end":{"line":27,"column":62}},"locations":[{"start":{"line":27,"column":38},"end":{"line":27,"column":62}}]},"6":{"type":"branch","line":36,"loc":{"start":{"line":36,"column":4},"end":{"line":44,"column":5}},"locations":[{"start":{"line":36,"column":4},"end":{"line":44,"column":5}}]},"7":{"type":"branch","line":39,"loc":{"start":{"line":39,"column":20},"end":{"line":41,"column":9}},"locations":[{"start":{"line":39,"column":20},"end":{"line":41,"column":9}}]},"8":{"type":"branch","line":41,"loc":{"start":{"line":41,"column":8},"end":{"line":43,"column":20}},"locations":[{"start":{"line":41,"column":8},"end":{"line":43,"column":20}}]},"9":{"type":"branch","line":37,"loc":{"start":{"line":37,"column":38},"end":{"line":37,"column":66}},"locations":[{"start":{"line":37,"column":38},"end":{"line":37,"column":66}}]},"10":{"type":"branch","line":46,"loc":{"start":{"line":46,"column":4},"end":{"line":54,"column":5}},"locations":[{"start":{"line":46,"column":4},"end":{"line":54,"column":5}}]},"11":{"type":"branch","line":49,"loc":{"start":{"line":49,"column":20},"end":{"line":51,"column":9}},"locations":[{"start":{"line":49,"column":20},"end":{"line":51,"column":9}}]},"12":{"type":"branch","line":51,"loc":{"start":{"line":51,"column":8},"end":{"line":53,"column":20}},"locations":[{"start":{"line":51,"column":8},"end":{"line":53,"column":20}}]},"13":{"type":"branch","line":47,"loc":{"start":{"line":47,"column":38},"end":{"line":47,"column":70}},"locations":[{"start":{"line":47,"column":38},"end":{"line":47,"column":70}}]},"14":{"type":"branch","line":56,"loc":{"start":{"line":56,"column":4},"end":{"line":64,"column":5}},"locations":[{"start":{"line":56,"column":4},"end":{"line":64,"column":5}}]},"15":{"type":"branch","line":59,"loc":{"start":{"line":59,"column":20},"end":{"line":61,"column":9}},"locations":[{"start":{"line":59,"column":20},"end":{"line":61,"column":9}}]},"16":{"type":"branch","line":61,"loc":{"start":{"line":61,"column":8},"end":{"line":63,"column":20}},"locations":[{"start":{"line":61,"column":8},"end":{"line":63,"column":20}}]},"17":{"type":"branch","line":57,"loc":{"start":{"line":57,"column":38},"end":{"line":57,"column":62}},"locations":[{"start":{"line":57,"column":38},"end":{"line":57,"column":62}}]},"18":{"type":"branch","line":66,"loc":{"start":{"line":66,"column":4},"end":{"line":70,"column":5}},"locations":[{"start":{"line":66,"column":4},"end":{"line":70,"column":5}}]},"19":{"type":"branch","line":72,"loc":{"start":{"line":72,"column":4},"end":{"line":89,"column":5}},"locations":[{"start":{"line":72,"column":4},"end":{"line":89,"column":5}}]},"20":{"type":"branch","line":76,"loc":{"start":{"line":76,"column":18},"end":{"line":78,"column":9}},"locations":[{"start":{"line":76,"column":18},"end":{"line":78,"column":9}}]},"21":{"type":"branch","line":73,"loc":{"start":{"line":73,"column":38},"end":{"line":73,"column":64}},"locations":[{"start":{"line":73,"column":38},"end":{"line":73,"column":64}}]},"22":{"type":"branch","line":74,"loc":{"start":{"line":74,"column":48},"end":{"line":74,"column":74}},"locations":[{"start":{"line":74,"column":48},"end":{"line":74,"column":74}}]}},"b":{"0":[9],"1":[7],"2":[10],"3":[9],"4":[1],"5":[3],"6":[11],"7":[10],"8":[1],"9":[4],"10":[10],"11":[7],"12":[3],"13":[3],"14":[3],"15":[1],"16":[2],"17":[2],"18":[1],"19":[1],"20":[0],"21":[1],"22":[1]},"fnMap":{"0":{"name":"InMemoryStaffRepository","decl":{"start":{"line":4,"column":7},"end":{"line":9,"column":5}},"loc":{"start":{"line":4,"column":7},"end":{"line":9,"column":5}},"line":4},"1":{"name":"create","decl":{"start":{"line":11,"column":4},"end":{"line":24,"column":5}},"loc":{"start":{"line":11,"column":4},"end":{"line":24,"column":5}},"line":11},"2":{"name":"getStaffByCpf","decl":{"start":{"line":26,"column":4},"end":{"line":34,"column":5}},"loc":{"start":{"line":26,"column":4},"end":{"line":34,"column":5}},"line":26},"3":{"name":"getStaffByEmail","decl":{"start":{"line":36,"column":4},"end":{"line":44,"column":5}},"loc":{"start":{"line":36,"column":4},"end":{"line":44,"column":5}},"line":36},"4":{"name":"getStaffByUsername","decl":{"start":{"line":46,"column":4},"end":{"line":54,"column":5}},"loc":{"start":{"line":46,"column":4},"end":{"line":54,"column":5}},"line":46},"5":{"name":"getStaffById","decl":{"start":{"line":56,"column":4},"end":{"line":64,"column":5}},"loc":{"start":{"line":56,"column":4},"end":{"line":64,"column":5}},"line":56},"6":{"name":"getAllStaffs","decl":{"start":{"line":66,"column":4},"end":{"line":70,"column":5}},"loc":{"start":{"line":66,"column":4},"end":{"line":70,"column":5}},"line":66},"7":{"name":"editStaff","decl":{"start":{"line":72,"column":4},"end":{"line":89,"column":5}},"loc":{"start":{"line":72,"column":4},"end":{"line":89,"column":5}},"line":72}},"f":{"0":9,"1":7,"2":10,"3":11,"4":10,"5":3,"6":1,"7":1}}
,"C:\\Users\\Vitória\\OneDrive\\Documentos\\Estagio\\Other\\api-fastify-main\\src\\repositories\\in-memory\\in-memory-user-repository.ts": {"path":"C:\\Users\\Vitória\\OneDrive\\Documentos\\Estagio\\Other\\api-fastify-main\\src\\repositories\\in-memory\\in-memory-user-repository.ts","all":false,"statementMap":{"0":{"start":{"line":1,"column":0},"end":{"line":1,"column":46}},"1":{"start":{"line":2,"column":0},"end":{"line":2,"column":52}},"2":{"start":{"line":3,"column":0},"end":{"line":3,"column":0}},"3":{"start":{"line":4,"column":0},"end":{"line":4,"column":63}},"4":{"start":{"line":5,"column":0},"end":{"line":5,"column":29}},"5":{"start":{"line":6,"column":0},"end":{"line":6,"column":32}},"6":{"start":{"line":7,"column":0},"end":{"line":7,"column":88}},"7":{"start":{"line":8,"column":0},"end":{"line":8,"column":89}},"8":{"start":{"line":9,"column":0},"end":{"line":9,"column":5}},"9":{"start":{"line":10,"column":0},"end":{"line":10,"column":0}},"10":{"start":{"line":11,"column":0},"end":{"line":11,"column":63}},"11":{"start":{"line":12,"column":0},"end":{"line":12,"column":66}},"12":{"start":{"line":13,"column":0},"end":{"line":13,"column":0}},"13":{"start":{"line":14,"column":0},"end":{"line":14,"column":20}},"14":{"start":{"line":15,"column":0},"end":{"line":15,"column":23}},"15":{"start":{"line":16,"column":0},"end":{"line":16,"column":9}},"16":{"start":{"line":17,"column":0},"end":{"line":17,"column":0}},"17":{"start":{"line":18,"column":0},"end":{"line":18,"column":19}},"18":{"start":{"line":19,"column":0},"end":{"line":19,"column":5}},"19":{"start":{"line":20,"column":0},"end":{"line":20,"column":0}},"20":{"start":{"line":21,"column":0},"end":{"line":21,"column":69}},"21":{"start":{"line":22,"column":0},"end":{"line":22,"column":72}},"22":{"start":{"line":23,"column":0},"end":{"line":23,"column":0}},"23":{"start":{"line":24,"column":0},"end":{"line":24,"column":20}},"24":{"start":{"line":25,"column":0},"end":{"line":25,"column":23}},"25":{"start":{"line":26,"column":0},"end":{"line":26,"column":9}},"26":{"start":{"line":27,"column":0},"end":{"line":27,"column":0}},"27":{"start":{"line":28,"column":0},"end":{"line":28,"column":19}},"28":{"start":{"line":29,"column":0},"end":{"line":29,"column":5}},"29":{"start":{"line":30,"column":0},"end":{"line":30,"column":0}},"30":{"start":{"line":31,"column":0},"end":{"line":31,"column":63}},"31":{"start":{"line":32,"column":0},"end":{"line":32,"column":22}},"32":{"start":{"line":33,"column":0},"end":{"line":33,"column":25}},"33":{"start":{"line":34,"column":0},"end":{"line":34,"column":36}},"34":{"start":{"line":35,"column":0},"end":{"line":35,"column":30}},"35":{"start":{"line":36,"column":0},"end":{"line":36,"column":35}},"36":{"start":{"line":37,"column":0},"end":{"line":37,"column":9}},"37":{"start":{"line":38,"column":0},"end":{"line":38,"column":0}},"38":{"start":{"line":39,"column":0},"end":{"line":39,"column":29}},"39":{"start":{"line":40,"column":0},"end":{"line":40,"column":0}},"40":{"start":{"line":41,"column":0},"end":{"line":41,"column":19}},"41":{"start":{"line":42,"column":0},"end":{"line":42,"column":5}},"42":{"start":{"line":43,"column":0},"end":{"line":43,"column":0}},"43":{"start":{"line":44,"column":0},"end":{"line":44,"column":57}},"44":{"start":{"line":45,"column":0},"end":{"line":45,"column":60}},"45":{"start":{"line":46,"column":0},"end":{"line":46,"column":0}},"46":{"start":{"line":47,"column":0},"end":{"line":47,"column":20}},"47":{"start":{"line":48,"column":0},"end":{"line":48,"column":23}},"48":{"start":{"line":49,"column":0},"end":{"line":49,"column":9}},"49":{"start":{"line":50,"column":0},"end":{"line":50,"column":0}},"50":{"start":{"line":51,"column":0},"end":{"line":51,"column":19}},"51":{"start":{"line":52,"column":0},"end":{"line":52,"column":5}},"52":{"start":{"line":53,"column":0},"end":{"line":53,"column":0}},"53":{"start":{"line":54,"column":0},"end":{"line":54,"column":49}},"54":{"start":{"line":55,"column":0},"end":{"line":55,"column":35}},"55":{"start":{"line":56,"column":0},"end":{"line":56,"column":8}},"56":{"start":{"line":57,"column":0},"end":{"line":57,"column":19}},"57":{"start":{"line":58,"column":0},"end":{"line":58,"column":5}},"58":{"start":{"line":59,"column":0},"end":{"line":59,"column":0}},"59":{"start":{"line":60,"column":0},"end":{"line":60,"column":87}},"60":{"start":{"line":61,"column":0},"end":{"line":61,"column":62}},"61":{"start":{"line":62,"column":0},"end":{"line":62,"column":72}},"62":{"start":{"line":63,"column":0},"end":{"line":63,"column":0}},"63":{"start":{"line":64,"column":0},"end":{"line":64,"column":18}},"64":{"start":{"line":65,"column":0},"end":{"line":65,"column":23}},"65":{"start":{"line":66,"column":0},"end":{"line":66,"column":9}},"66":{"start":{"line":67,"column":0},"end":{"line":67,"column":0}},"67":{"start":{"line":68,"column":0},"end":{"line":68,"column":25}},"68":{"start":{"line":69,"column":0},"end":{"line":69,"column":20}},"69":{"start":{"line":70,"column":0},"end":{"line":70,"column":18}},"70":{"start":{"line":71,"column":0},"end":{"line":71,"column":20}},"71":{"start":{"line":72,"column":0},"end":{"line":72,"column":9}},"72":{"start":{"line":73,"column":0},"end":{"line":73,"column":0}},"73":{"start":{"line":74,"column":0},"end":{"line":74,"column":57}},"74":{"start":{"line":75,"column":0},"end":{"line":75,"column":0}},"75":{"start":{"line":76,"column":0},"end":{"line":76,"column":24}},"76":{"start":{"line":77,"column":0},"end":{"line":77,"column":5}},"77":{"start":{"line":78,"column":0},"end":{"line":78,"column":0}},"78":{"start":{"line":79,"column":0},"end":{"line":79,"column":1}}},"s":{"0":1,"1":1,"2":1,"3":1,"4":9,"5":9,"6":9,"7":9,"8":9,"9":1,"10":1,"11":9,"12":9,"13":9,"14":8,"15":8,"16":1,"17":1,"18":9,"19":1,"20":1,"21":8,"22":8,"23":8,"24":7,"25":7,"26":1,"27":1,"28":8,"29":1,"30":1,"31":6,"32":6,"33":6,"34":6,"35":6,"36":6,"37":6,"38":6,"39":6,"40":6,"41":6,"42":1,"43":1,"44":3,"45":3,"46":3,"47":1,"48":1,"49":2,"50":2,"51":3,"52":1,"53":1,"54":1,"55":1,"56":1,"57":1,"58":1,"59":1,"60":1,"61":1,"62":1,"63":1,"64":0,"65":0,"66":1,"67":1,"68":1,"69":1,"70":1,"71":1,"72":1,"73":1,"74":1,"75":1,"76":1,"77":1,"78":1},"branchMap":{"0":{"type":"branch","line":4,"loc":{"start":{"line":4,"column":7},"end":{"line":9,"column":5}},"locations":[{"start":{"line":4,"column":7},"end":{"line":9,"column":5}}]},"1":{"type":"branch","line":11,"loc":{"start":{"line":11,"column":4},"end":{"line":19,"column":5}},"locations":[{"start":{"line":11,"column":4},"end":{"line":19,"column":5}}]},"2":{"type":"branch","line":14,"loc":{"start":{"line":14,"column":19},"end":{"line":16,"column":9}},"locations":[{"start":{"line":14,"column":19},"end":{"line":16,"column":9}}]},"3":{"type":"branch","line":16,"loc":{"start":{"line":16,"column":8},"end":{"line":18,"column":19}},"locations":[{"start":{"line":16,"column":8},"end":{"line":18,"column":19}}]},"4":{"type":"branch","line":12,"loc":{"start":{"line":12,"column":37},"end":{"line":12,"column":65}},"locations":[{"start":{"line":12,"column":37},"end":{"line":12,"column":65}}]},"5":{"type":"branch","line":21,"loc":{"start":{"line":21,"column":4},"end":{"line":29,"column":5}},"locations":[{"start":{"line":21,"column":4},"end":{"line":29,"column":5}}]},"6":{"type":"branch","line":24,"loc":{"start":{"line":24,"column":19},"end":{"line":26,"column":9}},"locations":[{"start":{"line":24,"column":19},"end":{"line":26,"column":9}}]},"7":{"type":"branch","line":26,"loc":{"start":{"line":26,"column":8},"end":{"line":28,"column":19}},"locations":[{"start":{"line":26,"column":8},"end":{"line":28,"column":19}}]},"8":{"type":"branch","line":22,"loc":{"start":{"line":22,"column":37},"end":{"line":22,"column":71}},"locations":[{"start":{"line":22,"column":37},"end":{"line":22,"column":71}}]},"9":{"type":"branch","line":31,"loc":{"start":{"line":31,"column":4},"end":{"line":42,"column":5}},"locations":[{"start":{"line":31,"column":4},"end":{"line":42,"column":5}}]},"10":{"type":"branch","line":44,"loc":{"start":{"line":44,"column":4},"end":{"line":52,"column":5}},"locations":[{"start":{"line":44,"column":4},"end":{"line":52,"column":5}}]},"11":{"type":"branch","line":47,"loc":{"start":{"line":47,"column":19},"end":{"line":49,"column":9}},"locations":[{"start":{"line":47,"column":19},"end":{"line":49,"column":9}}]},"12":{"type":"branch","line":49,"loc":{"start":{"line":49,"column":8},"end":{"line":51,"column":19}},"locations":[{"start":{"line":49,"column":8},"end":{"line":51,"column":19}}]},"13":{"type":"branch","line":45,"loc":{"start":{"line":45,"column":37},"end":{"line":45,"column":59}},"locations":[{"start":{"line":45,"column":37},"end":{"line":45,"column":59}}]},"14":{"type":"branch","line":54,"loc":{"start":{"line":54,"column":4},"end":{"line":58,"column":5}},"locations":[{"start":{"line":54,"column":4},"end":{"line":58,"column":5}}]},"15":{"type":"branch","line":60,"loc":{"start":{"line":60,"column":4},"end":{"line":77,"column":5}},"locations":[{"start":{"line":60,"column":4},"end":{"line":77,"column":5}}]},"16":{"type":"branch","line":64,"loc":{"start":{"line":64,"column":17},"end":{"line":66,"column":9}},"locations":[{"start":{"line":64,"column":17},"end":{"line":66,"column":9}}]},"17":{"type":"branch","line":61,"loc":{"start":{"line":61,"column":37},"end":{"line":61,"column":61}},"locations":[{"start":{"line":61,"column":37},"end":{"line":61,"column":61}}]},"18":{"type":"branch","line":62,"loc":{"start":{"line":62,"column":47},"end":{"line":62,"column":71}},"locations":[{"start":{"line":62,"column":47},"end":{"line":62,"column":71}}]}},"b":{"0":[9],"1":[9],"2":[8],"3":[1],"4":[3],"5":[8],"6":[7],"7":[1],"8":[2],"9":[6],"10":[3],"11":[1],"12":[2],"13":[2],"14":[1],"15":[1],"16":[0],"17":[1],"18":[1]},"fnMap":{"0":{"name":"InMemoryUserRepository","decl":{"start":{"line":4,"column":7},"end":{"line":9,"column":5}},"loc":{"start":{"line":4,"column":7},"end":{"line":9,"column":5}},"line":4},"1":{"name":"getUserByEmail","decl":{"start":{"line":11,"column":4},"end":{"line":19,"column":5}},"loc":{"start":{"line":11,"column":4},"end":{"line":19,"column":5}},"line":11},"2":{"name":"getUserByUsername","decl":{"start":{"line":21,"column":4},"end":{"line":29,"column":5}},"loc":{"start":{"line":21,"column":4},"end":{"line":29,"column":5}},"line":21},"3":{"name":"create","decl":{"start":{"line":31,"column":4},"end":{"line":42,"column":5}},"loc":{"start":{"line":31,"column":4},"end":{"line":42,"column":5}},"line":31},"4":{"name":"getUserById","decl":{"start":{"line":44,"column":4},"end":{"line":52,"column":5}},"loc":{"start":{"line":44,"column":4},"end":{"line":52,"column":5}},"line":44},"5":{"name":"getAllUsers","decl":{"start":{"line":54,"column":4},"end":{"line":58,"column":5}},"loc":{"start":{"line":54,"column":4},"end":{"line":58,"column":5}},"line":54},"6":{"name":"editUser","decl":{"start":{"line":60,"column":4},"end":{"line":77,"column":5}},"loc":{"start":{"line":60,"column":4},"end":{"line":77,"column":5}},"line":60}},"f":{"0":9,"1":9,"2":8,"3":6,"4":3,"5":1,"6":1}}
,"C:\\Users\\Vitória\\OneDrive\\Documentos\\Estagio\\Other\\api-fastify-main\\src\\use-cases\\course.ts": {"path":"C:\\Users\\Vitória\\OneDrive\\Documentos\\Estagio\\Other\\api-fastify-main\\src\\use-cases\\course.ts","all":false,"statementMap":{"0":{"start":{"line":1,"column":0},"end":{"line":1,"column":47}},"1":{"start":{"line":2,"column":0},"end":{"line":2,"column":45}},"2":{"start":{"line":3,"column":0},"end":{"line":3,"column":0}},"3":{"start":{"line":4,"column":0},"end":{"line":4,"column":31}},"4":{"start":{"line":5,"column":0},"end":{"line":5,"column":17}},"5":{"start":{"line":6,"column":0},"end":{"line":6,"column":24}},"6":{"start":{"line":7,"column":0},"end":{"line":7,"column":18}},"7":{"start":{"line":8,"column":0},"end":{"line":8,"column":17}},"8":{"start":{"line":9,"column":0},"end":{"line":9,"column":1}},"9":{"start":{"line":10,"column":0},"end":{"line":10,"column":0}},"10":{"start":{"line":11,"column":0},"end":{"line":11,"column":29}},"11":{"start":{"line":12,"column":0},"end":{"line":12,"column":15}},"12":{"start":{"line":13,"column":0},"end":{"line":13,"column":17}},"13":{"start":{"line":14,"column":0},"end":{"line":14,"column":24}},"14":{"start":{"line":15,"column":0},"end":{"line":15,"column":18}},"15":{"start":{"line":16,"column":0},"end":{"line":16,"column":17}},"16":{"start":{"line":17,"column":0},"end":{"line":17,"column":1}},"17":{"start":{"line":18,"column":0},"end":{"line":18,"column":0}},"18":{"start":{"line":19,"column":0},"end":{"line":19,"column":26}},"19":{"start":{"line":20,"column":0},"end":{"line":20,"column":18}},"20":{"start":{"line":21,"column":0},"end":{"line":21,"column":1}},"21":{"start":{"line":22,"column":0},"end":{"line":22,"column":0}},"22":{"start":{"line":23,"column":0},"end":{"line":23,"column":26}},"23":{"start":{"line":24,"column":0},"end":{"line":24,"column":50}},"24":{"start":{"line":25,"column":0},"end":{"line":25,"column":4}},"25":{"start":{"line":26,"column":0},"end":{"line":26,"column":114}},"26":{"start":{"line":27,"column":0},"end":{"line":27,"column":102}},"27":{"start":{"line":28,"column":0},"end":{"line":28,"column":25}},"28":{"start":{"line":29,"column":0},"end":{"line":29,"column":5}},"29":{"start":{"line":30,"column":0},"end":{"line":30,"column":0}},"30":{"start":{"line":31,"column":0},"end":{"line":31,"column":69}},"31":{"start":{"line":32,"column":0},"end":{"line":32,"column":76}},"32":{"start":{"line":33,"column":0},"end":{"line":33,"column":25}},"33":{"start":{"line":34,"column":0},"end":{"line":34,"column":5}},"34":{"start":{"line":35,"column":0},"end":{"line":35,"column":0}},"35":{"start":{"line":36,"column":0},"end":{"line":36,"column":53}},"36":{"start":{"line":37,"column":0},"end":{"line":37,"column":77}},"37":{"start":{"line":38,"column":0},"end":{"line":38,"column":0}},"38":{"start":{"line":39,"column":0},"end":{"line":39,"column":22}},"39":{"start":{"line":40,"column":0},"end":{"line":40,"column":5}},"40":{"start":{"line":41,"column":0},"end":{"line":41,"column":0}},"41":{"start":{"line":42,"column":0},"end":{"line":42,"column":119}},"42":{"start":{"line":43,"column":0},"end":{"line":43,"column":73}},"43":{"start":{"line":44,"column":0},"end":{"line":44,"column":0}},"44":{"start":{"line":45,"column":0},"end":{"line":45,"column":27}},"45":{"start":{"line":46,"column":0},"end":{"line":46,"column":50}},"46":{"start":{"line":47,"column":0},"end":{"line":47,"column":9}},"47":{"start":{"line":48,"column":0},"end":{"line":48,"column":0}},"48":{"start":{"line":49,"column":0},"end":{"line":49,"column":98}},"49":{"start":{"line":50,"column":0},"end":{"line":50,"column":0}},"50":{"start":{"line":51,"column":0},"end":{"line":51,"column":32}},"51":{"start":{"line":52,"column":0},"end":{"line":52,"column":0}},"52":{"start":{"line":53,"column":0},"end":{"line":53,"column":25}},"53":{"start":{"line":54,"column":0},"end":{"line":54,"column":0}},"54":{"start":{"line":55,"column":0},"end":{"line":55,"column":5}},"55":{"start":{"line":56,"column":0},"end":{"line":56,"column":1}}},"s":{"0":1,"1":1,"2":1,"3":1,"4":1,"5":1,"6":1,"7":1,"8":1,"9":1,"10":1,"11":1,"12":1,"13":1,"14":1,"15":1,"16":1,"17":1,"18":1,"19":1,"20":1,"21":1,"22":1,"23":1,"24":1,"25":1,"26":3,"27":3,"28":3,"29":1,"30":1,"31":2,"32":2,"33":2,"34":1,"35":1,"36":1,"37":1,"38":1,"39":1,"40":1,"41":1,"42":1,"43":1,"44":1,"45":0,"46":0,"47":1,"48":1,"49":1,"50":1,"51":1,"52":1,"53":1,"54":1,"55":1},"branchMap":{"0":{"type":"branch","line":24,"loc":{"start":{"line":24,"column":4},"end":{"line":24,"column":50}},"locations":[{"start":{"line":24,"column":4},"end":{"line":24,"column":50}}]},"1":{"type":"branch","line":26,"loc":{"start":{"line":26,"column":4},"end":{"line":29,"column":5}},"locations":[{"start":{"line":26,"column":4},"end":{"line":29,"column":5}}]},"2":{"type":"branch","line":31,"loc":{"start":{"line":31,"column":4},"end":{"line":34,"column":5}},"locations":[{"start":{"line":31,"column":4},"end":{"line":34,"column":5}}]},"3":{"type":"branch","line":36,"loc":{"start":{"line":36,"column":4},"end":{"line":40,"column":5}},"locations":[{"start":{"line":36,"column":4},"end":{"line":40,"column":5}}]},"4":{"type":"branch","line":42,"loc":{"start":{"line":42,"column":4},"end":{"line":55,"column":5}},"locations":[{"start":{"line":42,"column":4},"end":{"line":55,"column":5}}]},"5":{"type":"branch","line":45,"loc":{"start":{"line":45,"column":26},"end":{"line":47,"column":9}},"locations":[{"start":{"line":45,"column":26},"end":{"line":47,"column":9}}]},"6":{"type":"branch","line":51,"loc":{"start":{"line":51,"column":21},"end":{"line":51,"column":32}},"locations":[{"start":{"line":51,"column":21},"end":{"line":51,"column":32}}]}},"b":{"0":[5],"1":[3],"2":[2],"3":[1],"4":[1],"5":[0],"6":[0]},"fnMap":{"0":{"name":"CourseClass","decl":{"start":{"line":24,"column":4},"end":{"line":24,"column":50}},"loc":{"start":{"line":24,"column":4},"end":{"line":24,"column":50}},"line":24},"1":{"name":"executeCreateCourse","decl":{"start":{"line":26,"column":4},"end":{"line":29,"column":5}},"loc":{"start":{"line":26,"column":4},"end":{"line":29,"column":5}},"line":26},"2":{"name":"executeGetCourseById","decl":{"start":{"line":31,"column":4},"end":{"line":34,"column":5}},"loc":{"start":{"line":31,"column":4},"end":{"line":34,"column":5}},"line":31},"3":{"name":"executeGetAllCourses","decl":{"start":{"line":36,"column":4},"end":{"line":40,"column":5}},"loc":{"start":{"line":36,"column":4},"end":{"line":40,"column":5}},"line":36},"4":{"name":"executeEditCourse","decl":{"start":{"line":42,"column":4},"end":{"line":55,"column":5}},"loc":{"start":{"line":42,"column":4},"end":{"line":55,"column":5}},"line":42}},"f":{"0":5,"1":3,"2":2,"3":1,"4":1}}
,"C:\\Users\\Vitória\\OneDrive\\Documentos\\Estagio\\Other\\api-fastify-main\\src\\use-cases\\staff.ts": {"path":"C:\\Users\\Vitória\\OneDrive\\Documentos\\Estagio\\Other\\api-fastify-main\\src\\use-cases\\staff.ts","all":false,"statementMap":{"0":{"start":{"line":1,"column":0},"end":{"line":1,"column":38}},"1":{"start":{"line":2,"column":0},"end":{"line":2,"column":45}},"2":{"start":{"line":3,"column":0},"end":{"line":3,"column":29}},"3":{"start":{"line":4,"column":0},"end":{"line":4,"column":0}},"4":{"start":{"line":5,"column":0},"end":{"line":5,"column":30}},"5":{"start":{"line":6,"column":0},"end":{"line":6,"column":16}},"6":{"start":{"line":7,"column":0},"end":{"line":7,"column":18}},"7":{"start":{"line":8,"column":0},"end":{"line":8,"column":21}},"8":{"start":{"line":9,"column":0},"end":{"line":9,"column":20}},"9":{"start":{"line":10,"column":0},"end":{"line":10,"column":1}},"10":{"start":{"line":11,"column":0},"end":{"line":11,"column":0}},"11":{"start":{"line":12,"column":0},"end":{"line":12,"column":28}},"12":{"start":{"line":13,"column":0},"end":{"line":13,"column":15}},"13":{"start":{"line":14,"column":0},"end":{"line":14,"column":18}},"14":{"start":{"line":15,"column":0},"end":{"line":15,"column":21}},"15":{"start":{"line":16,"column":0},"end":{"line":16,"column":1}},"16":{"start":{"line":17,"column":0},"end":{"line":17,"column":0}},"17":{"start":{"line":18,"column":0},"end":{"line":18,"column":25}},"18":{"start":{"line":19,"column":0},"end":{"line":19,"column":16}},"19":{"start":{"line":20,"column":0},"end":{"line":20,"column":1}},"20":{"start":{"line":21,"column":0},"end":{"line":21,"column":0}},"21":{"start":{"line":22,"column":0},"end":{"line":22,"column":25}},"22":{"start":{"line":23,"column":0},"end":{"line":23,"column":49}},"23":{"start":{"line":24,"column":0},"end":{"line":24,"column":4}},"24":{"start":{"line":25,"column":0},"end":{"line":25,"column":110}},"25":{"start":{"line":26,"column":0},"end":{"line":26,"column":0}},"26":{"start":{"line":27,"column":0},"end":{"line":27,"column":84}},"27":{"start":{"line":28,"column":0},"end":{"line":28,"column":93}},"28":{"start":{"line":29,"column":0},"end":{"line":29,"column":78}},"29":{"start":{"line":30,"column":0},"end":{"line":30,"column":0}},"30":{"start":{"line":31,"column":0},"end":{"line":31,"column":78}},"31":{"start":{"line":32,"column":0},"end":{"line":32,"column":54}},"32":{"start":{"line":33,"column":0},"end":{"line":33,"column":9}},"33":{"start":{"line":34,"column":0},"end":{"line":34,"column":0}},"34":{"start":{"line":35,"column":0},"end":{"line":35,"column":52}},"35":{"start":{"line":36,"column":0},"end":{"line":36,"column":8}},"36":{"start":{"line":37,"column":0},"end":{"line":37,"column":112}},"37":{"start":{"line":38,"column":0},"end":{"line":38,"column":24}},"38":{"start":{"line":39,"column":0},"end":{"line":39,"column":5}},"39":{"start":{"line":40,"column":0},"end":{"line":40,"column":0}},"40":{"start":{"line":41,"column":0},"end":{"line":41,"column":67}},"41":{"start":{"line":42,"column":0},"end":{"line":42,"column":65}},"42":{"start":{"line":43,"column":0},"end":{"line":43,"column":0}},"43":{"start":{"line":44,"column":0},"end":{"line":44,"column":24}},"44":{"start":{"line":45,"column":0},"end":{"line":45,"column":5}},"45":{"start":{"line":46,"column":0},"end":{"line":46,"column":0}},"46":{"start":{"line":47,"column":0},"end":{"line":47,"column":50}},"47":{"start":{"line":48,"column":0},"end":{"line":48,"column":25}},"48":{"start":{"line":49,"column":0},"end":{"line":49,"column":64}},"49":{"start":{"line":50,"column":0},"end":{"line":50,"column":21}},"50":{"start":{"line":51,"column":0},"end":{"line":51,"column":5}},"51":{"start":{"line":52,"column":0},"end":{"line":52,"column":0}},"52":{"start":{"line":53,"column":0},"end":{"line":53,"column":100}},"53":{"start":{"line":54,"column":0},"end":{"line":54,"column":70}},"54":{"start":{"line":55,"column":0},"end":{"line":55,"column":0}},"55":{"start":{"line":56,"column":0},"end":{"line":56,"column":26}},"56":{"start":{"line":57,"column":0},"end":{"line":57,"column":49}},"57":{"start":{"line":58,"column":0},"end":{"line":58,"column":9}},"58":{"start":{"line":59,"column":0},"end":{"line":59,"column":0}},"59":{"start":{"line":60,"column":0},"end":{"line":60,"column":76}},"60":{"start":{"line":61,"column":0},"end":{"line":61,"column":0}},"61":{"start":{"line":62,"column":0},"end":{"line":62,"column":25}},"62":{"start":{"line":63,"column":0},"end":{"line":63,"column":42}},"63":{"start":{"line":64,"column":0},"end":{"line":64,"column":58}},"64":{"start":{"line":65,"column":0},"end":{"line":65,"column":13}},"65":{"start":{"line":66,"column":0},"end":{"line":66,"column":9}},"66":{"start":{"line":67,"column":0},"end":{"line":67,"column":0}},"67":{"start":{"line":68,"column":0},"end":{"line":68,"column":79}},"68":{"start":{"line":69,"column":0},"end":{"line":69,"column":0}},"69":{"start":{"line":70,"column":0},"end":{"line":70,"column":31}},"70":{"start":{"line":71,"column":0},"end":{"line":71,"column":0}},"71":{"start":{"line":72,"column":0},"end":{"line":72,"column":24}},"72":{"start":{"line":73,"column":0},"end":{"line":73,"column":0}},"73":{"start":{"line":74,"column":0},"end":{"line":74,"column":5}},"74":{"start":{"line":75,"column":0},"end":{"line":75,"column":1}}},"s":{"0":1,"1":1,"2":1,"3":1,"4":1,"5":1,"6":1,"7":1,"8":1,"9":1,"10":1,"11":1,"12":1,"13":1,"14":1,"15":1,"16":1,"17":1,"18":1,"19":1,"20":1,"21":1,"22":1,"23":1,"24":1,"25":10,"26":10,"27":10,"28":10,"29":10,"30":10,"31":3,"32":3,"33":7,"34":7,"35":7,"36":7,"37":7,"38":10,"39":1,"40":1,"41":2,"42":2,"43":2,"44":2,"45":1,"46":1,"47":1,"48":1,"49":1,"50":1,"51":1,"52":1,"53":1,"54":1,"55":1,"56":0,"57":0,"58":1,"59":1,"60":1,"61":1,"62":0,"63":0,"64":0,"65":0,"66":1,"67":1,"68":1,"69":1,"70":1,"71":1,"72":1,"73":1,"74":1},"branchMap":{"0":{"type":"branch","line":23,"loc":{"start":{"line":23,"column":4},"end":{"line":23,"column":49}},"locations":[{"start":{"line":23,"column":4},"end":{"line":23,"column":49}}]},"1":{"type":"branch","line":25,"loc":{"start":{"line":25,"column":4},"end":{"line":39,"column":5}},"locations":[{"start":{"line":25,"column":4},"end":{"line":39,"column":5}}]},"2":{"type":"branch","line":31,"loc":{"start":{"line":31,"column":12},"end":{"line":31,"column":59}},"locations":[{"start":{"line":31,"column":12},"end":{"line":31,"column":59}}]},"3":{"type":"branch","line":31,"loc":{"start":{"line":31,"column":34},"end":{"line":31,"column":77}},"locations":[{"start":{"line":31,"column":34},"end":{"line":31,"column":77}}]},"4":{"type":"branch","line":31,"loc":{"start":{"line":31,"column":77},"end":{"line":33,"column":9}},"locations":[{"start":{"line":31,"column":77},"end":{"line":33,"column":9}}]},"5":{"type":"branch","line":33,"loc":{"start":{"line":33,"column":8},"end":{"line":38,"column":24}},"locations":[{"start":{"line":33,"column":8},"end":{"line":38,"column":24}}]},"6":{"type":"branch","line":41,"loc":{"start":{"line":41,"column":4},"end":{"line":45,"column":5}},"locations":[{"start":{"line":41,"column":4},"end":{"line":45,"column":5}}]},"7":{"type":"branch","line":47,"loc":{"start":{"line":47,"column":4},"end":{"line":51,"column":5}},"locations":[{"start":{"line":47,"column":4},"end":{"line":51,"column":5}}]},"8":{"type":"branch","line":53,"loc":{"start":{"line":53,"column":4},"end":{"line":74,"column":5}},"locations":[{"start":{"line":53,"column":4},"end":{"line":74,"column":5}}]},"9":{"type":"branch","line":56,"loc":{"start":{"line":56,"column":25},"end":{"line":58,"column":9}},"locations":[{"start":{"line":56,"column":25},"end":{"line":58,"column":9}}]},"10":{"type":"branch","line":62,"loc":{"start":{"line":62,"column":24},"end":{"line":66,"column":9}},"locations":[{"start":{"line":62,"column":24},"end":{"line":66,"column":9}}]},"11":{"type":"branch","line":70,"loc":{"start":{"line":70,"column":20},"end":{"line":70,"column":31}},"locations":[{"start":{"line":70,"column":20},"end":{"line":70,"column":31}}]}},"b":{"0":[9],"1":[10],"2":[9],"3":[7],"4":[3],"5":[7],"6":[2],"7":[1],"8":[1],"9":[0],"10":[0],"11":[0]},"fnMap":{"0":{"name":"StaffClass","decl":{"start":{"line":23,"column":4},"end":{"line":23,"column":49}},"loc":{"start":{"line":23,"column":4},"end":{"line":23,"column":49}},"line":23},"1":{"name":"executeCreateStaff","decl":{"start":{"line":25,"column":4},"end":{"line":39,"column":5}},"loc":{"start":{"line":25,"column":4},"end":{"line":39,"column":5}},"line":25},"2":{"name":"executeGetStaffById","decl":{"start":{"line":41,"column":4},"end":{"line":45,"column":5}},"loc":{"start":{"line":41,"column":4},"end":{"line":45,"column":5}},"line":41},"3":{"name":"executeGetAllStaff","decl":{"start":{"line":47,"column":4},"end":{"line":51,"column":5}},"loc":{"start":{"line":47,"column":4},"end":{"line":51,"column":5}},"line":47},"4":{"name":"executeEditStaff","decl":{"start":{"line":53,"column":4},"end":{"line":74,"column":5}},"loc":{"start":{"line":53,"column":4},"end":{"line":74,"column":5}},"line":53}},"f":{"0":9,"1":10,"2":2,"3":1,"4":1}}
,"C:\\Users\\Vitória\\OneDrive\\Documentos\\Estagio\\Other\\api-fastify-main\\src\\use-cases\\user.ts": {"path":"C:\\Users\\Vitória\\OneDrive\\Documentos\\Estagio\\Other\\api-fastify-main\\src\\use-cases\\user.ts","all":false,"statementMap":{"0":{"start":{"line":1,"column":0},"end":{"line":1,"column":29}},"1":{"start":{"line":2,"column":0},"end":{"line":2,"column":45}},"2":{"start":{"line":3,"column":0},"end":{"line":3,"column":37}},"3":{"start":{"line":4,"column":0},"end":{"line":4,"column":0}},"4":{"start":{"line":5,"column":0},"end":{"line":5,"column":29}},"5":{"start":{"line":6,"column":0},"end":{"line":6,"column":18}},"6":{"start":{"line":7,"column":0},"end":{"line":7,"column":21}},"7":{"start":{"line":8,"column":0},"end":{"line":8,"column":20}},"8":{"start":{"line":9,"column":0},"end":{"line":9,"column":1}},"9":{"start":{"line":10,"column":0},"end":{"line":10,"column":0}},"10":{"start":{"line":11,"column":0},"end":{"line":11,"column":27}},"11":{"start":{"line":12,"column":0},"end":{"line":12,"column":14}},"12":{"start":{"line":13,"column":0},"end":{"line":13,"column":18}},"13":{"start":{"line":14,"column":0},"end":{"line":14,"column":21}},"14":{"start":{"line":15,"column":0},"end":{"line":15,"column":1}},"15":{"start":{"line":16,"column":0},"end":{"line":16,"column":0}},"16":{"start":{"line":17,"column":0},"end":{"line":17,"column":24}},"17":{"start":{"line":18,"column":0},"end":{"line":18,"column":14}},"18":{"start":{"line":19,"column":0},"end":{"line":19,"column":1}},"19":{"start":{"line":20,"column":0},"end":{"line":20,"column":0}},"20":{"start":{"line":21,"column":0},"end":{"line":21,"column":24}},"21":{"start":{"line":22,"column":0},"end":{"line":22,"column":48}},"22":{"start":{"line":23,"column":0},"end":{"line":23,"column":0}},"23":{"start":{"line":24,"column":0},"end":{"line":24,"column":102}},"24":{"start":{"line":25,"column":0},"end":{"line":25,"column":0}},"25":{"start":{"line":26,"column":0},"end":{"line":26,"column":81}},"26":{"start":{"line":27,"column":0},"end":{"line":27,"column":90}},"27":{"start":{"line":28,"column":0},"end":{"line":28,"column":0}},"28":{"start":{"line":29,"column":0},"end":{"line":29,"column":56}},"29":{"start":{"line":30,"column":0},"end":{"line":30,"column":54}},"30":{"start":{"line":31,"column":0},"end":{"line":31,"column":9}},"31":{"start":{"line":32,"column":0},"end":{"line":32,"column":0}},"32":{"start":{"line":33,"column":0},"end":{"line":33,"column":52}},"33":{"start":{"line":34,"column":0},"end":{"line":34,"column":0}},"34":{"start":{"line":35,"column":0},"end":{"line":35,"column":98}},"35":{"start":{"line":36,"column":0},"end":{"line":36,"column":23}},"36":{"start":{"line":37,"column":0},"end":{"line":37,"column":5}},"37":{"start":{"line":38,"column":0},"end":{"line":38,"column":0}},"38":{"start":{"line":39,"column":0},"end":{"line":39,"column":65}},"39":{"start":{"line":40,"column":0},"end":{"line":40,"column":62}},"40":{"start":{"line":41,"column":0},"end":{"line":41,"column":0}},"41":{"start":{"line":42,"column":0},"end":{"line":42,"column":23}},"42":{"start":{"line":43,"column":0},"end":{"line":43,"column":5}},"43":{"start":{"line":44,"column":0},"end":{"line":44,"column":0}},"44":{"start":{"line":45,"column":0},"end":{"line":45,"column":49}},"45":{"start":{"line":46,"column":0},"end":{"line":46,"column":61}},"46":{"start":{"line":47,"column":0},"end":{"line":47,"column":0}},"47":{"start":{"line":48,"column":0},"end":{"line":48,"column":20}},"48":{"start":{"line":49,"column":0},"end":{"line":49,"column":5}},"49":{"start":{"line":50,"column":0},"end":{"line":50,"column":0}},"50":{"start":{"line":51,"column":0},"end":{"line":51,"column":97}},"51":{"start":{"line":52,"column":0},"end":{"line":52,"column":67}},"52":{"start":{"line":53,"column":0},"end":{"line":53,"column":0}},"53":{"start":{"line":54,"column":0},"end":{"line":54,"column":25}},"54":{"start":{"line":55,"column":0},"end":{"line":55,"column":48}},"55":{"start":{"line":56,"column":0},"end":{"line":56,"column":9}},"56":{"start":{"line":57,"column":0},"end":{"line":57,"column":0}},"57":{"start":{"line":58,"column":0},"end":{"line":58,"column":73}},"58":{"start":{"line":59,"column":0},"end":{"line":59,"column":0}},"59":{"start":{"line":60,"column":0},"end":{"line":60,"column":24}},"60":{"start":{"line":61,"column":0},"end":{"line":61,"column":41}},"61":{"start":{"line":62,"column":0},"end":{"line":62,"column":58}},"62":{"start":{"line":63,"column":0},"end":{"line":63,"column":13}},"63":{"start":{"line":64,"column":0},"end":{"line":64,"column":9}},"64":{"start":{"line":65,"column":0},"end":{"line":65,"column":0}},"65":{"start":{"line":66,"column":0},"end":{"line":66,"column":76}},"66":{"start":{"line":67,"column":0},"end":{"line":67,"column":0}},"67":{"start":{"line":68,"column":0},"end":{"line":68,"column":30}},"68":{"start":{"line":69,"column":0},"end":{"line":69,"column":0}},"69":{"start":{"line":70,"column":0},"end":{"line":70,"column":23}},"70":{"start":{"line":71,"column":0},"end":{"line":71,"column":0}},"71":{"start":{"line":72,"column":0},"end":{"line":72,"column":5}},"72":{"start":{"line":73,"column":0},"end":{"line":73,"column":1}}},"s":{"0":1,"1":1,"2":1,"3":1,"4":1,"5":1,"6":1,"7":1,"8":1,"9":1,"10":1,"11":1,"12":1,"13":1,"14":1,"15":1,"16":1,"17":1,"18":1,"19":1,"20":1,"21":1,"22":1,"23":1,"24":8,"25":8,"26":8,"27":8,"28":8,"29":2,"30":2,"31":6,"32":6,"33":6,"34":6,"35":6,"36":8,"37":1,"38":1,"39":2,"40":2,"41":2,"42":2,"43":1,"44":1,"45":1,"46":1,"47":1,"48":1,"49":1,"50":1,"51":1,"52":1,"53":1,"54":0,"55":0,"56":1,"57":1,"58":1,"59":1,"60":0,"61":0,"62":0,"63":0,"64":1,"65":1,"66":1,"67":1,"68":1,"69":1,"70":1,"71":1,"72":1},"branchMap":{"0":{"type":"branch","line":22,"loc":{"start":{"line":22,"column":4},"end":{"line":22,"column":48}},"locations":[{"start":{"line":22,"column":4},"end":{"line":22,"column":48}}]},"1":{"type":"branch","line":24,"loc":{"start":{"line":24,"column":4},"end":{"line":37,"column":5}},"locations":[{"start":{"line":24,"column":4},"end":{"line":37,"column":5}}]},"2":{"type":"branch","line":29,"loc":{"start":{"line":29,"column":12},"end":{"line":29,"column":55}},"locations":[{"start":{"line":29,"column":12},"end":{"line":29,"column":55}}]},"3":{"type":"branch","line":29,"loc":{"start":{"line":29,"column":55},"end":{"line":31,"column":9}},"locations":[{"start":{"line":29,"column":55},"end":{"line":31,"column":9}}]},"4":{"type":"branch","line":31,"loc":{"start":{"line":31,"column":8},"end":{"line":36,"column":23}},"locations":[{"start":{"line":31,"column":8},"end":{"line":36,"column":23}}]},"5":{"type":"branch","line":39,"loc":{"start":{"line":39,"column":4},"end":{"line":43,"column":5}},"locations":[{"start":{"line":39,"column":4},"end":{"line":43,"column":5}}]},"6":{"type":"branch","line":45,"loc":{"start":{"line":45,"column":4},"end":{"line":49,"column":5}},"locations":[{"start":{"line":45,"column":4},"end":{"line":49,"column":5}}]},"7":{"type":"branch","line":51,"loc":{"start":{"line":51,"column":4},"end":{"line":72,"column":5}},"locations":[{"start":{"line":51,"column":4},"end":{"line":72,"column":5}}]},"8":{"type":"branch","line":54,"loc":{"start":{"line":54,"column":24},"end":{"line":56,"column":9}},"locations":[{"start":{"line":54,"column":24},"end":{"line":56,"column":9}}]},"9":{"type":"branch","line":60,"loc":{"start":{"line":60,"column":23},"end":{"line":64,"column":9}},"locations":[{"start":{"line":60,"column":23},"end":{"line":64,"column":9}}]},"10":{"type":"branch","line":68,"loc":{"start":{"line":68,"column":19},"end":{"line":68,"column":30}},"locations":[{"start":{"line":68,"column":19},"end":{"line":68,"column":30}}]}},"b":{"0":[9],"1":[8],"2":[7],"3":[2],"4":[6],"5":[2],"6":[1],"7":[1],"8":[0],"9":[0],"10":[0]},"fnMap":{"0":{"name":"UserClass","decl":{"start":{"line":22,"column":4},"end":{"line":22,"column":48}},"loc":{"start":{"line":22,"column":4},"end":{"line":22,"column":48}},"line":22},"1":{"name":"executeCreateUser","decl":{"start":{"line":24,"column":4},"end":{"line":37,"column":5}},"loc":{"start":{"line":24,"column":4},"end":{"line":37,"column":5}},"line":24},"2":{"name":"executeGetUserById","decl":{"start":{"line":39,"column":4},"end":{"line":43,"column":5}},"loc":{"start":{"line":39,"column":4},"end":{"line":43,"column":5}},"line":39},"3":{"name":"executeGetAllUsers","decl":{"start":{"line":45,"column":4},"end":{"line":49,"column":5}},"loc":{"start":{"line":45,"column":4},"end":{"line":49,"column":5}},"line":45},"4":{"name":"executeEditUser","decl":{"start":{"line":51,"column":4},"end":{"line":72,"column":5}},"loc":{"start":{"line":51,"column":4},"end":{"line":72,"column":5}},"line":51}},"f":{"0":9,"1":8,"2":2,"3":1,"4":1}}
}
